[2024-07-23 07:39:30] Uncaught exception: Call to undefined method MA\PHPQUICK\Http\Responses\Response::getHeaders()
In file: C:\laragon\www\PHPQuick-MVC\src\Session\JwtCookieSession.php on line 52
Stack trace:
#0 C:\laragon\www\PHPQuick-MVC\app\Service\SessionService.php(69): MA\PHPQUICK\Session\JwtCookieSession->push()
#1 C:\laragon\www\PHPQuick-MVC\app\Service\SessionService.php(32): App\Service\SessionService->setSession(Object(App\Domain\User), 'ZPLqqSATbhh')
#2 C:\laragon\www\PHPQuick-MVC\app\Controllers\AuthController.php(39): App\Service\SessionService->create(Object(App\Domain\User))
#3 [internal function]: App\Controllers\AuthController->login(Object(MA\PHPQUICK\Http\Requests\Request))
#4 C:\laragon\www\PHPQuick-MVC\src\Application.php(90): call_user_func_array(Array, Array)
#5 C:\laragon\www\PHPQuick-MVC\src\Application.php(74): MA\PHPQUICK\Application->executeController('App\\Controllers...', 'login', Array)
#6 C:\laragon\www\PHPQuick-MVC\src\Application.php(63): MA\PHPQUICK\Application->handleRouteCallback(Object(MA\PHPQUICK\Router\Route))
#7 C:\laragon\www\PHPQuick-MVC\src\Router\Runner.php(56): MA\PHPQUICK\Application->MA\PHPQUICK\{closure}()
#8 C:\laragon\www\PHPQuick-MVC\src\Router\Runner.php(34): MA\PHPQUICK\Router\Runner->executeMiddleware(Object(Closure), Object(MA\PHPQUICK\Http\Requests\Request))
#9 C:\laragon\www\PHPQuick-MVC\src\Router\Runner.php(48): MA\PHPQUICK\Router\Runner->handle(Object(MA\PHPQUICK\Http\Requests\Request))
#10 C:\laragon\www\PHPQuick-MVC\app\Middleware\CSRFMiddleware.php(17): MA\PHPQUICK\Router\Runner->__invoke(Object(MA\PHPQUICK\Http\Requests\Request))
#11 C:\laragon\www\PHPQuick-MVC\src\Router\Runner.php(54): App\Middleware\CSRFMiddleware->execute(Object(MA\PHPQUICK\Http\Requests\Request), Object(MA\PHPQUICK\Router\Runner))
#12 C:\laragon\www\PHPQuick-MVC\src\Router\Runner.php(34): MA\PHPQUICK\Router\Runner->executeMiddleware(Object(App\Middleware\CSRFMiddleware), Object(MA\PHPQUICK\Http\Requests\Request))
#13 C:\laragon\www\PHPQuick-MVC\src\Router\Runner.php(48): MA\PHPQUICK\Router\Runner->handle(Object(MA\PHPQUICK\Http\Requests\Request))
#14 C:\laragon\www\PHPQuick-MVC\app\Middleware\GuestMiddleware.php(24): MA\PHPQUICK\Router\Runner->__invoke(Object(MA\PHPQUICK\Http\Requests\Request))
#15 C:\laragon\www\PHPQuick-MVC\src\Router\Runner.php(54): App\Middleware\GuestMiddleware->execute(Object(MA\PHPQUICK\Http\Requests\Request), Object(MA\PHPQUICK\Router\Runner))
#16 C:\laragon\www\PHPQuick-MVC\src\Router\Runner.php(34): MA\PHPQUICK\Router\Runner->executeMiddleware(Object(App\Middleware\GuestMiddleware), Object(MA\PHPQUICK\Http\Requests\Request))
#17 C:\laragon\www\PHPQuick-MVC\src\Application.php(55): MA\PHPQUICK\Router\Runner->handle(Object(MA\PHPQUICK\Http\Requests\Request))
#18 C:\laragon\www\PHPQuick-MVC\public\index.php(12): MA\PHPQUICK\Application->run()
#19 {main}
[2024-07-23 07:44:20] Uncaught exception: SQLSTATE[23000]: Integrity constraint violation: 1062 Duplicate entry '' for key 'users.PRIMARY'
In file: C:\laragon\www\PHPQuick-MVC\app\Repository\UserRepository.php on line 21
Stack trace:
#0 C:\laragon\www\PHPQuick-MVC\app\Repository\UserRepository.php(21): PDOStatement->execute(Array)
#1 C:\laragon\www\PHPQuick-MVC\app\Service\UserService.php(38): App\Repository\UserRepository->save(Object(App\Domain\User))
#2 C:\laragon\www\PHPQuick-MVC\app\Controllers\AuthController.php(64): App\Service\UserService->register(Object(App\Models\User\UserRegisterRequest))
#3 [internal function]: App\Controllers\AuthController->register(Object(MA\PHPQUICK\Http\Requests\Request))
#4 C:\laragon\www\PHPQuick-MVC\src\Application.php(90): call_user_func_array(Array, Array)
#5 C:\laragon\www\PHPQuick-MVC\src\Application.php(74): MA\PHPQUICK\Application->executeController('App\\Controllers...', 'register', Array)
#6 C:\laragon\www\PHPQuick-MVC\src\Application.php(63): MA\PHPQUICK\Application->handleRouteCallback(Object(MA\PHPQUICK\Router\Route))
#7 C:\laragon\www\PHPQuick-MVC\src\Router\Runner.php(56): MA\PHPQUICK\Application->MA\PHPQUICK\{closure}()
#8 C:\laragon\www\PHPQuick-MVC\src\Router\Runner.php(34): MA\PHPQUICK\Router\Runner->executeMiddleware(Object(Closure), Object(MA\PHPQUICK\Http\Requests\Request))
#9 C:\laragon\www\PHPQuick-MVC\src\Router\Runner.php(48): MA\PHPQUICK\Router\Runner->handle(Object(MA\PHPQUICK\Http\Requests\Request))
#10 C:\laragon\www\PHPQuick-MVC\app\Middleware\CSRFMiddleware.php(17): MA\PHPQUICK\Router\Runner->__invoke(Object(MA\PHPQUICK\Http\Requests\Request))
#11 C:\laragon\www\PHPQuick-MVC\src\Router\Runner.php(54): App\Middleware\CSRFMiddleware->execute(Object(MA\PHPQUICK\Http\Requests\Request), Object(MA\PHPQUICK\Router\Runner))
#12 C:\laragon\www\PHPQuick-MVC\src\Router\Runner.php(34): MA\PHPQUICK\Router\Runner->executeMiddleware(Object(App\Middleware\CSRFMiddleware), Object(MA\PHPQUICK\Http\Requests\Request))
#13 C:\laragon\www\PHPQuick-MVC\src\Router\Runner.php(48): MA\PHPQUICK\Router\Runner->handle(Object(MA\PHPQUICK\Http\Requests\Request))
#14 C:\laragon\www\PHPQuick-MVC\app\Middleware\GuestMiddleware.php(24): MA\PHPQUICK\Router\Runner->__invoke(Object(MA\PHPQUICK\Http\Requests\Request))
#15 C:\laragon\www\PHPQuick-MVC\src\Router\Runner.php(54): App\Middleware\GuestMiddleware->execute(Object(MA\PHPQUICK\Http\Requests\Request), Object(MA\PHPQUICK\Router\Runner))
#16 C:\laragon\www\PHPQuick-MVC\src\Router\Runner.php(34): MA\PHPQUICK\Router\Runner->executeMiddleware(Object(App\Middleware\GuestMiddleware), Object(MA\PHPQUICK\Http\Requests\Request))
#17 C:\laragon\www\PHPQuick-MVC\src\Application.php(55): MA\PHPQUICK\Router\Runner->handle(Object(MA\PHPQUICK\Http\Requests\Request))
#18 C:\laragon\www\PHPQuick-MVC\public\index.php(12): MA\PHPQUICK\Application->run()
#19 {main}
[2024-07-23 09:08:07] Uncaught exception: Call to undefined function error_class()
In file: C:\laragon\www\PHPQuick-MVC\app\views\auth\register.php on line 5
Stack trace:
#0 C:\laragon\www\PHPQuick-MVC\src\MVC\View.php(33): include()
#1 C:\laragon\www\PHPQuick-MVC\src\MVC\View.php(12): MA\PHPQUICK\MVC\View::loadView('auth/register', Array)
#2 C:\laragon\www\PHPQuick-MVC\src\MVC\Controller.php(11): MA\PHPQUICK\MVC\View::render('auth/register', Array, 'app')
#3 C:\laragon\www\PHPQuick-MVC\app\Controllers\AuthController.php(52): MA\PHPQUICK\MVC\Controller->view('auth/register', Array)
#4 [internal function]: App\Controllers\AuthController->showRegistration(Object(MA\PHPQUICK\Http\Requests\Request))
#5 C:\laragon\www\PHPQuick-MVC\src\Application.php(90): call_user_func_array(Array, Array)
#6 C:\laragon\www\PHPQuick-MVC\src\Application.php(74): MA\PHPQUICK\Application->executeController('App\\Controllers...', 'showRegistratio...', Array)
#7 C:\laragon\www\PHPQuick-MVC\src\Application.php(63): MA\PHPQUICK\Application->handleRouteCallback(Object(MA\PHPQUICK\Router\Route))
#8 C:\laragon\www\PHPQuick-MVC\src\Router\Runner.php(56): MA\PHPQUICK\Application->MA\PHPQUICK\{closure}()
#9 C:\laragon\www\PHPQuick-MVC\src\Router\Runner.php(34): MA\PHPQUICK\Router\Runner->executeMiddleware(Object(Closure), Object(MA\PHPQUICK\Http\Requests\Request))
#10 C:\laragon\www\PHPQuick-MVC\src\Router\Runner.php(48): MA\PHPQUICK\Router\Runner->handle(Object(MA\PHPQUICK\Http\Requests\Request))
#11 C:\laragon\www\PHPQuick-MVC\app\Middleware\GuestMiddleware.php(24): MA\PHPQUICK\Router\Runner->__invoke(Object(MA\PHPQUICK\Http\Requests\Request))
#12 C:\laragon\www\PHPQuick-MVC\src\Router\Runner.php(54): App\Middleware\GuestMiddleware->execute(Object(MA\PHPQUICK\Http\Requests\Request), Object(MA\PHPQUICK\Router\Runner))
#13 C:\laragon\www\PHPQuick-MVC\src\Router\Runner.php(34): MA\PHPQUICK\Router\Runner->executeMiddleware(Object(App\Middleware\GuestMiddleware), Object(MA\PHPQUICK\Http\Requests\Request))
#14 C:\laragon\www\PHPQuick-MVC\src\Application.php(55): MA\PHPQUICK\Router\Runner->handle(Object(MA\PHPQUICK\Http\Requests\Request))
#15 C:\laragon\www\PHPQuick-MVC\public\index.php(12): MA\PHPQUICK\Application->run()
#16 {main}
[2024-07-23 09:29:49] Uncaught exception: Cannot assign null to property App\Domain\User::$id of type string
In file: C:\laragon\www\PHPQuick-MVC\app\Service\UserService.php on line 33
Stack trace:
#0 C:\laragon\www\PHPQuick-MVC\app\Controllers\AuthController.php(64): App\Service\UserService->register(Object(App\Models\User\UserRegisterRequest))
#1 [internal function]: App\Controllers\AuthController->register(Object(MA\PHPQUICK\Http\Requests\Request))
#2 C:\laragon\www\PHPQuick-MVC\src\Application.php(90): call_user_func_array(Array, Array)
#3 C:\laragon\www\PHPQuick-MVC\src\Application.php(74): MA\PHPQUICK\Application->executeController('App\\Controllers...', 'register', Array)
#4 C:\laragon\www\PHPQuick-MVC\src\Application.php(63): MA\PHPQUICK\Application->handleRouteCallback(Object(MA\PHPQUICK\Router\Route))
#5 C:\laragon\www\PHPQuick-MVC\src\Router\Runner.php(56): MA\PHPQUICK\Application->MA\PHPQUICK\{closure}()
#6 C:\laragon\www\PHPQuick-MVC\src\Router\Runner.php(34): MA\PHPQUICK\Router\Runner->executeMiddleware(Object(Closure), Object(MA\PHPQUICK\Http\Requests\Request))
#7 C:\laragon\www\PHPQuick-MVC\src\Router\Runner.php(48): MA\PHPQUICK\Router\Runner->handle(Object(MA\PHPQUICK\Http\Requests\Request))
#8 C:\laragon\www\PHPQuick-MVC\app\Middleware\CSRFMiddleware.php(17): MA\PHPQUICK\Router\Runner->__invoke(Object(MA\PHPQUICK\Http\Requests\Request))
#9 C:\laragon\www\PHPQuick-MVC\src\Router\Runner.php(54): App\Middleware\CSRFMiddleware->execute(Object(MA\PHPQUICK\Http\Requests\Request), Object(MA\PHPQUICK\Router\Runner))
#10 C:\laragon\www\PHPQuick-MVC\src\Router\Runner.php(34): MA\PHPQUICK\Router\Runner->executeMiddleware(Object(App\Middleware\CSRFMiddleware), Object(MA\PHPQUICK\Http\Requests\Request))
#11 C:\laragon\www\PHPQuick-MVC\src\Router\Runner.php(48): MA\PHPQUICK\Router\Runner->handle(Object(MA\PHPQUICK\Http\Requests\Request))
#12 C:\laragon\www\PHPQuick-MVC\app\Middleware\GuestMiddleware.php(24): MA\PHPQUICK\Router\Runner->__invoke(Object(MA\PHPQUICK\Http\Requests\Request))
#13 C:\laragon\www\PHPQuick-MVC\src\Router\Runner.php(54): App\Middleware\GuestMiddleware->execute(Object(MA\PHPQUICK\Http\Requests\Request), Object(MA\PHPQUICK\Router\Runner))
#14 C:\laragon\www\PHPQuick-MVC\src\Router\Runner.php(34): MA\PHPQUICK\Router\Runner->executeMiddleware(Object(App\Middleware\GuestMiddleware), Object(MA\PHPQUICK\Http\Requests\Request))
#15 C:\laragon\www\PHPQuick-MVC\src\Application.php(55): MA\PHPQUICK\Router\Runner->handle(Object(MA\PHPQUICK\Http\Requests\Request))
#16 C:\laragon\www\PHPQuick-MVC\public\index.php(12): MA\PHPQUICK\Application->run()
#17 {main}
[2024-07-23 09:35:33] Uncaught exception: App\Repository\UserRepository::findById(): Argument #1 ($id) must be of type string, null given, called in C:\laragon\www\PHPQuick-MVC\app\Service\UserService.php on line 54
In file: C:\laragon\www\PHPQuick-MVC\app\Repository\UserRepository.php on line 35
Stack trace:
#0 C:\laragon\www\PHPQuick-MVC\app\Service\UserService.php(54): App\Repository\UserRepository->findById(NULL)
#1 C:\laragon\www\PHPQuick-MVC\app\Controllers\AuthController.php(38): App\Service\UserService->login(Object(App\Models\User\UserLoginRequest))
#2 [internal function]: App\Controllers\AuthController->login(Object(MA\PHPQUICK\Http\Requests\Request))
#3 C:\laragon\www\PHPQuick-MVC\src\Application.php(90): call_user_func_array(Array, Array)
#4 C:\laragon\www\PHPQuick-MVC\src\Application.php(74): MA\PHPQUICK\Application->executeController('App\\Controllers...', 'login', Array)
#5 C:\laragon\www\PHPQuick-MVC\src\Application.php(63): MA\PHPQUICK\Application->handleRouteCallback(Object(MA\PHPQUICK\Router\Route))
#6 C:\laragon\www\PHPQuick-MVC\src\Router\Runner.php(56): MA\PHPQUICK\Application->MA\PHPQUICK\{closure}()
#7 C:\laragon\www\PHPQuick-MVC\src\Router\Runner.php(34): MA\PHPQUICK\Router\Runner->executeMiddleware(Object(Closure), Object(MA\PHPQUICK\Http\Requests\Request))
#8 C:\laragon\www\PHPQuick-MVC\src\Router\Runner.php(48): MA\PHPQUICK\Router\Runner->handle(Object(MA\PHPQUICK\Http\Requests\Request))
#9 C:\laragon\www\PHPQuick-MVC\app\Middleware\CSRFMiddleware.php(17): MA\PHPQUICK\Router\Runner->__invoke(Object(MA\PHPQUICK\Http\Requests\Request))
#10 C:\laragon\www\PHPQuick-MVC\src\Router\Runner.php(54): App\Middleware\CSRFMiddleware->execute(Object(MA\PHPQUICK\Http\Requests\Request), Object(MA\PHPQUICK\Router\Runner))
#11 C:\laragon\www\PHPQuick-MVC\src\Router\Runner.php(34): MA\PHPQUICK\Router\Runner->executeMiddleware(Object(App\Middleware\CSRFMiddleware), Object(MA\PHPQUICK\Http\Requests\Request))
#12 C:\laragon\www\PHPQuick-MVC\src\Router\Runner.php(48): MA\PHPQUICK\Router\Runner->handle(Object(MA\PHPQUICK\Http\Requests\Request))
#13 C:\laragon\www\PHPQuick-MVC\app\Middleware\GuestMiddleware.php(24): MA\PHPQUICK\Router\Runner->__invoke(Object(MA\PHPQUICK\Http\Requests\Request))
#14 C:\laragon\www\PHPQuick-MVC\src\Router\Runner.php(54): App\Middleware\GuestMiddleware->execute(Object(MA\PHPQUICK\Http\Requests\Request), Object(MA\PHPQUICK\Router\Runner))
#15 C:\laragon\www\PHPQuick-MVC\src\Router\Runner.php(34): MA\PHPQUICK\Router\Runner->executeMiddleware(Object(App\Middleware\GuestMiddleware), Object(MA\PHPQUICK\Http\Requests\Request))
#16 C:\laragon\www\PHPQuick-MVC\src\Application.php(55): MA\PHPQUICK\Router\Runner->handle(Object(MA\PHPQUICK\Http\Requests\Request))
#17 C:\laragon\www\PHPQuick-MVC\public\index.php(12): MA\PHPQUICK\Application->run()
#18 {main}
[2024-07-23 09:39:36] Uncaught exception: App\Repository\UserRepository::findById(): Argument #1 ($id) must be of type string, null given, called in C:\laragon\www\PHPQuick-MVC\app\Service\UserService.php on line 54
In file: C:\laragon\www\PHPQuick-MVC\app\Repository\UserRepository.php on line 35
Stack trace:
#0 C:\laragon\www\PHPQuick-MVC\app\Service\UserService.php(54): App\Repository\UserRepository->findById(NULL)
#1 C:\laragon\www\PHPQuick-MVC\app\Controllers\AuthController.php(38): App\Service\UserService->login(Object(App\Models\User\UserLoginRequest))
#2 [internal function]: App\Controllers\AuthController->login(Object(MA\PHPQUICK\Http\Requests\Request))
#3 C:\laragon\www\PHPQuick-MVC\src\Application.php(90): call_user_func_array(Array, Array)
#4 C:\laragon\www\PHPQuick-MVC\src\Application.php(74): MA\PHPQUICK\Application->executeController('App\\Controllers...', 'login', Array)
#5 C:\laragon\www\PHPQuick-MVC\src\Application.php(63): MA\PHPQUICK\Application->handleRouteCallback(Object(MA\PHPQUICK\Router\Route))
#6 C:\laragon\www\PHPQuick-MVC\src\Router\Runner.php(56): MA\PHPQUICK\Application->MA\PHPQUICK\{closure}()
#7 C:\laragon\www\PHPQuick-MVC\src\Router\Runner.php(34): MA\PHPQUICK\Router\Runner->executeMiddleware(Object(Closure), Object(MA\PHPQUICK\Http\Requests\Request))
#8 C:\laragon\www\PHPQuick-MVC\src\Router\Runner.php(48): MA\PHPQUICK\Router\Runner->handle(Object(MA\PHPQUICK\Http\Requests\Request))
#9 C:\laragon\www\PHPQuick-MVC\app\Middleware\CSRFMiddleware.php(17): MA\PHPQUICK\Router\Runner->__invoke(Object(MA\PHPQUICK\Http\Requests\Request))
#10 C:\laragon\www\PHPQuick-MVC\src\Router\Runner.php(54): App\Middleware\CSRFMiddleware->execute(Object(MA\PHPQUICK\Http\Requests\Request), Object(MA\PHPQUICK\Router\Runner))
#11 C:\laragon\www\PHPQuick-MVC\src\Router\Runner.php(34): MA\PHPQUICK\Router\Runner->executeMiddleware(Object(App\Middleware\CSRFMiddleware), Object(MA\PHPQUICK\Http\Requests\Request))
#12 C:\laragon\www\PHPQuick-MVC\src\Router\Runner.php(48): MA\PHPQUICK\Router\Runner->handle(Object(MA\PHPQUICK\Http\Requests\Request))
#13 C:\laragon\www\PHPQuick-MVC\app\Middleware\GuestMiddleware.php(24): MA\PHPQUICK\Router\Runner->__invoke(Object(MA\PHPQUICK\Http\Requests\Request))
#14 C:\laragon\www\PHPQuick-MVC\src\Router\Runner.php(54): App\Middleware\GuestMiddleware->execute(Object(MA\PHPQUICK\Http\Requests\Request), Object(MA\PHPQUICK\Router\Runner))
#15 C:\laragon\www\PHPQuick-MVC\src\Router\Runner.php(34): MA\PHPQUICK\Router\Runner->executeMiddleware(Object(App\Middleware\GuestMiddleware), Object(MA\PHPQUICK\Http\Requests\Request))
#16 C:\laragon\www\PHPQuick-MVC\src\Application.php(55): MA\PHPQUICK\Router\Runner->handle(Object(MA\PHPQUICK\Http\Requests\Request))
#17 C:\laragon\www\PHPQuick-MVC\public\index.php(12): MA\PHPQUICK\Application->run()
#18 {main}
[2024-07-23 13:12:57] Uncaught exception: SQLSTATE[HY000]: General error: 1364 Field 'username' doesn't have a default value
In file: C:\laragon\www\PHPQuick-MVC\app\Repository\UserRepository.php on line 21
Stack trace:
#0 C:\laragon\www\PHPQuick-MVC\app\Repository\UserRepository.php(21): PDOStatement->execute(Array)
#1 C:\laragon\www\PHPQuick-MVC\app\Service\UserService.php(39): App\Repository\UserRepository->save(Object(App\Domain\User))
#2 C:\laragon\www\PHPQuick-MVC\app\Controllers\AuthController.php(60): App\Service\UserService->register(Object(App\Models\User\UserRegisterRequest))
#3 [internal function]: App\Controllers\AuthController->register(Object(MA\PHPQUICK\Http\Requests\Request))
#4 C:\laragon\www\PHPQuick-MVC\src\Application.php(90): call_user_func_array(Array, Array)
#5 C:\laragon\www\PHPQuick-MVC\src\Application.php(74): MA\PHPQUICK\Application->executeController('App\\Controllers...', 'register', Array)
#6 C:\laragon\www\PHPQuick-MVC\src\Application.php(63): MA\PHPQUICK\Application->handleRouteCallback(Object(MA\PHPQUICK\Router\Route))
#7 C:\laragon\www\PHPQuick-MVC\src\Router\Runner.php(56): MA\PHPQUICK\Application->MA\PHPQUICK\{closure}()
#8 C:\laragon\www\PHPQuick-MVC\src\Router\Runner.php(34): MA\PHPQUICK\Router\Runner->executeMiddleware(Object(Closure), Object(MA\PHPQUICK\Http\Requests\Request))
#9 C:\laragon\www\PHPQuick-MVC\src\Router\Runner.php(48): MA\PHPQUICK\Router\Runner->handle(Object(MA\PHPQUICK\Http\Requests\Request))
#10 C:\laragon\www\PHPQuick-MVC\app\Middleware\CSRFMiddleware.php(17): MA\PHPQUICK\Router\Runner->__invoke(Object(MA\PHPQUICK\Http\Requests\Request))
#11 C:\laragon\www\PHPQuick-MVC\src\Router\Runner.php(54): App\Middleware\CSRFMiddleware->execute(Object(MA\PHPQUICK\Http\Requests\Request), Object(MA\PHPQUICK\Router\Runner))
#12 C:\laragon\www\PHPQuick-MVC\src\Router\Runner.php(34): MA\PHPQUICK\Router\Runner->executeMiddleware(Object(App\Middleware\CSRFMiddleware), Object(MA\PHPQUICK\Http\Requests\Request))
#13 C:\laragon\www\PHPQuick-MVC\src\Router\Runner.php(48): MA\PHPQUICK\Router\Runner->handle(Object(MA\PHPQUICK\Http\Requests\Request))
#14 C:\laragon\www\PHPQuick-MVC\app\Middleware\GuestMiddleware.php(24): MA\PHPQUICK\Router\Runner->__invoke(Object(MA\PHPQUICK\Http\Requests\Request))
#15 C:\laragon\www\PHPQuick-MVC\src\Router\Runner.php(54): App\Middleware\GuestMiddleware->execute(Object(MA\PHPQUICK\Http\Requests\Request), Object(MA\PHPQUICK\Router\Runner))
#16 C:\laragon\www\PHPQuick-MVC\src\Router\Runner.php(34): MA\PHPQUICK\Router\Runner->executeMiddleware(Object(App\Middleware\GuestMiddleware), Object(MA\PHPQUICK\Http\Requests\Request))
#17 C:\laragon\www\PHPQuick-MVC\src\Application.php(55): MA\PHPQUICK\Router\Runner->handle(Object(MA\PHPQUICK\Http\Requests\Request))
#18 C:\laragon\www\PHPQuick-MVC\public\index.php(12): MA\PHPQUICK\Application->run()
#19 {main}
[2024-07-23 13:25:28] Uncaught exception: SQLSTATE[42S22]: Column not found: 1054 Unknown column 'activation_code' in 'field list'
In file: C:\laragon\www\PHPQuick-MVC\app\Repository\UserRepository.php on line 31
Stack trace:
#0 C:\laragon\www\PHPQuick-MVC\app\Repository\UserRepository.php(31): PDOStatement->execute()
#1 C:\laragon\www\PHPQuick-MVC\app\Service\UserService.php(39): App\Repository\UserRepository->save(Object(App\Domain\User))
#2 C:\laragon\www\PHPQuick-MVC\app\Controllers\AuthController.php(60): App\Service\UserService->register(Object(App\Models\User\UserRegisterRequest))
#3 [internal function]: App\Controllers\AuthController->register(Object(MA\PHPQUICK\Http\Requests\Request))
#4 C:\laragon\www\PHPQuick-MVC\src\Application.php(90): call_user_func_array(Array, Array)
#5 C:\laragon\www\PHPQuick-MVC\src\Application.php(74): MA\PHPQUICK\Application->executeController('App\\Controllers...', 'register', Array)
#6 C:\laragon\www\PHPQuick-MVC\src\Application.php(63): MA\PHPQUICK\Application->handleRouteCallback(Object(MA\PHPQUICK\Router\Route))
#7 C:\laragon\www\PHPQuick-MVC\src\Router\Runner.php(56): MA\PHPQUICK\Application->MA\PHPQUICK\{closure}()
#8 C:\laragon\www\PHPQuick-MVC\src\Router\Runner.php(34): MA\PHPQUICK\Router\Runner->executeMiddleware(Object(Closure), Object(MA\PHPQUICK\Http\Requests\Request))
#9 C:\laragon\www\PHPQuick-MVC\src\Router\Runner.php(48): MA\PHPQUICK\Router\Runner->handle(Object(MA\PHPQUICK\Http\Requests\Request))
#10 C:\laragon\www\PHPQuick-MVC\app\Middleware\CSRFMiddleware.php(17): MA\PHPQUICK\Router\Runner->__invoke(Object(MA\PHPQUICK\Http\Requests\Request))
#11 C:\laragon\www\PHPQuick-MVC\src\Router\Runner.php(54): App\Middleware\CSRFMiddleware->execute(Object(MA\PHPQUICK\Http\Requests\Request), Object(MA\PHPQUICK\Router\Runner))
#12 C:\laragon\www\PHPQuick-MVC\src\Router\Runner.php(34): MA\PHPQUICK\Router\Runner->executeMiddleware(Object(App\Middleware\CSRFMiddleware), Object(MA\PHPQUICK\Http\Requests\Request))
#13 C:\laragon\www\PHPQuick-MVC\src\Router\Runner.php(48): MA\PHPQUICK\Router\Runner->handle(Object(MA\PHPQUICK\Http\Requests\Request))
#14 C:\laragon\www\PHPQuick-MVC\app\Middleware\GuestMiddleware.php(24): MA\PHPQUICK\Router\Runner->__invoke(Object(MA\PHPQUICK\Http\Requests\Request))
#15 C:\laragon\www\PHPQuick-MVC\src\Router\Runner.php(54): App\Middleware\GuestMiddleware->execute(Object(MA\PHPQUICK\Http\Requests\Request), Object(MA\PHPQUICK\Router\Runner))
#16 C:\laragon\www\PHPQuick-MVC\src\Router\Runner.php(34): MA\PHPQUICK\Router\Runner->executeMiddleware(Object(App\Middleware\GuestMiddleware), Object(MA\PHPQUICK\Http\Requests\Request))
#17 C:\laragon\www\PHPQuick-MVC\src\Application.php(55): MA\PHPQUICK\Router\Runner->handle(Object(MA\PHPQUICK\Http\Requests\Request))
#18 C:\laragon\www\PHPQuick-MVC\public\index.php(12): MA\PHPQUICK\Application->run()
#19 {main}
[2024-07-23 13:44:44] Uncaught exception: MA\PHPQUICK\Session\Session::setFlash(): Argument #2 ($message) must be of type string, array given, called in C:\laragon\www\PHPQuick-MVC\src\Http\Responses\RedirectResponse.php on line 23
In file: C:\laragon\www\PHPQuick-MVC\src\Session\Session.php on line 26
Stack trace:
#0 C:\laragon\www\PHPQuick-MVC\src\Http\Responses\RedirectResponse.php(23): MA\PHPQUICK\Session\Session->setFlash('inputs', Array)
#1 C:\laragon\www\PHPQuick-MVC\app\Controllers\AuthController.php(67): MA\PHPQUICK\Http\Responses\RedirectResponse->with(Array)
#2 [internal function]: App\Controllers\AuthController->register(Object(MA\PHPQUICK\Http\Requests\Request))
#3 C:\laragon\www\PHPQuick-MVC\src\Application.php(90): call_user_func_array(Array, Array)
#4 C:\laragon\www\PHPQuick-MVC\src\Application.php(74): MA\PHPQUICK\Application->executeController('App\\Controllers...', 'register', Array)
#5 C:\laragon\www\PHPQuick-MVC\src\Application.php(63): MA\PHPQUICK\Application->handleRouteCallback(Object(MA\PHPQUICK\Router\Route))
#6 C:\laragon\www\PHPQuick-MVC\src\Router\Runner.php(56): MA\PHPQUICK\Application->MA\PHPQUICK\{closure}()
#7 C:\laragon\www\PHPQuick-MVC\src\Router\Runner.php(34): MA\PHPQUICK\Router\Runner->executeMiddleware(Object(Closure), Object(MA\PHPQUICK\Http\Requests\Request))
#8 C:\laragon\www\PHPQuick-MVC\src\Router\Runner.php(48): MA\PHPQUICK\Router\Runner->handle(Object(MA\PHPQUICK\Http\Requests\Request))
#9 C:\laragon\www\PHPQuick-MVC\app\Middleware\CSRFMiddleware.php(17): MA\PHPQUICK\Router\Runner->__invoke(Object(MA\PHPQUICK\Http\Requests\Request))
#10 C:\laragon\www\PHPQuick-MVC\src\Router\Runner.php(54): App\Middleware\CSRFMiddleware->execute(Object(MA\PHPQUICK\Http\Requests\Request), Object(MA\PHPQUICK\Router\Runner))
#11 C:\laragon\www\PHPQuick-MVC\src\Router\Runner.php(34): MA\PHPQUICK\Router\Runner->executeMiddleware(Object(App\Middleware\CSRFMiddleware), Object(MA\PHPQUICK\Http\Requests\Request))
#12 C:\laragon\www\PHPQuick-MVC\src\Router\Runner.php(48): MA\PHPQUICK\Router\Runner->handle(Object(MA\PHPQUICK\Http\Requests\Request))
#13 C:\laragon\www\PHPQuick-MVC\app\Middleware\GuestMiddleware.php(24): MA\PHPQUICK\Router\Runner->__invoke(Object(MA\PHPQUICK\Http\Requests\Request))
#14 C:\laragon\www\PHPQuick-MVC\src\Router\Runner.php(54): App\Middleware\GuestMiddleware->execute(Object(MA\PHPQUICK\Http\Requests\Request), Object(MA\PHPQUICK\Router\Runner))
#15 C:\laragon\www\PHPQuick-MVC\src\Router\Runner.php(34): MA\PHPQUICK\Router\Runner->executeMiddleware(Object(App\Middleware\GuestMiddleware), Object(MA\PHPQUICK\Http\Requests\Request))
#16 C:\laragon\www\PHPQuick-MVC\src\Application.php(55): MA\PHPQUICK\Router\Runner->handle(Object(MA\PHPQUICK\Http\Requests\Request))
#17 C:\laragon\www\PHPQuick-MVC\public\index.php(12): MA\PHPQUICK\Application->run()
#18 {main}
[2024-07-23 15:32:28] Uncaught exception: SQLSTATE[42S22]: Column not found: 1054 Unknown column 'active' in 'field list'
In file: C:\laragon\www\PHPQuick-MVC\app\Repository\UserRepository.php on line 101
Stack trace:
#0 C:\laragon\www\PHPQuick-MVC\app\Repository\UserRepository.php(101): PDOStatement->execute()
#1 C:\laragon\www\PHPQuick-MVC\app\Service\UserService.php(92): App\Repository\UserRepository->activateUser('ksa@klsa.com')
#2 C:\laragon\www\PHPQuick-MVC\app\Controllers\AuthController.php(87): App\Service\UserService->activationAccount('eyJ0eXAiOiJKV1Q...')
#3 [internal function]: App\Controllers\AuthController->activate(Object(MA\PHPQUICK\Http\Requests\Request))
#4 C:\laragon\www\PHPQuick-MVC\src\Application.php(90): call_user_func_array(Array, Array)
#5 C:\laragon\www\PHPQuick-MVC\src\Application.php(74): MA\PHPQUICK\Application->executeController('App\\Controllers...', 'activate', Array)
#6 C:\laragon\www\PHPQuick-MVC\src\Application.php(63): MA\PHPQUICK\Application->handleRouteCallback(Object(MA\PHPQUICK\Router\Route))
#7 C:\laragon\www\PHPQuick-MVC\src\Router\Runner.php(56): MA\PHPQUICK\Application->MA\PHPQUICK\{closure}()
#8 C:\laragon\www\PHPQuick-MVC\src\Router\Runner.php(34): MA\PHPQUICK\Router\Runner->executeMiddleware(Object(Closure), Object(MA\PHPQUICK\Http\Requests\Request))
#9 C:\laragon\www\PHPQuick-MVC\src\Router\Runner.php(48): MA\PHPQUICK\Router\Runner->handle(Object(MA\PHPQUICK\Http\Requests\Request))
#10 C:\laragon\www\PHPQuick-MVC\app\Middleware\GuestMiddleware.php(24): MA\PHPQUICK\Router\Runner->__invoke(Object(MA\PHPQUICK\Http\Requests\Request))
#11 C:\laragon\www\PHPQuick-MVC\src\Router\Runner.php(54): App\Middleware\GuestMiddleware->execute(Object(MA\PHPQUICK\Http\Requests\Request), Object(MA\PHPQUICK\Router\Runner))
#12 C:\laragon\www\PHPQuick-MVC\src\Router\Runner.php(34): MA\PHPQUICK\Router\Runner->executeMiddleware(Object(App\Middleware\GuestMiddleware), Object(MA\PHPQUICK\Http\Requests\Request))
#13 C:\laragon\www\PHPQuick-MVC\src\Application.php(55): MA\PHPQUICK\Router\Runner->handle(Object(MA\PHPQUICK\Http\Requests\Request))
#14 C:\laragon\www\PHPQuick-MVC\public\index.php(12): MA\PHPQUICK\Application->run()
#15 {main}
[2024-07-23 15:36:21] Uncaught exception: syntax error, unexpected token "]"
In file: C:\laragon\www\PHPQuick-MVC\app\Controllers\AuthController.php on line 80
Stack trace:
#0 C:\laragon\www\PHPQuick-MVC\vendor\composer\ClassLoader.php(427): Composer\Autoload\{closure}('C:\\laragon\\www\\...')
#1 [internal function]: Composer\Autoload\ClassLoader->loadClass('App\\Controllers...')
#2 C:\laragon\www\PHPQuick-MVC\src\Application.php(80): class_exists('App\\Controllers...')
#3 C:\laragon\www\PHPQuick-MVC\src\Application.php(74): MA\PHPQUICK\Application->executeController('App\\Controllers...', 'showRegistratio...', Array)
#4 C:\laragon\www\PHPQuick-MVC\src\Application.php(63): MA\PHPQUICK\Application->handleRouteCallback(Object(MA\PHPQUICK\Router\Route))
#5 C:\laragon\www\PHPQuick-MVC\src\Router\Runner.php(56): MA\PHPQUICK\Application->MA\PHPQUICK\{closure}()
#6 C:\laragon\www\PHPQuick-MVC\src\Router\Runner.php(34): MA\PHPQUICK\Router\Runner->executeMiddleware(Object(Closure), Object(MA\PHPQUICK\Http\Requests\Request))
#7 C:\laragon\www\PHPQuick-MVC\src\Router\Runner.php(48): MA\PHPQUICK\Router\Runner->handle(Object(MA\PHPQUICK\Http\Requests\Request))
#8 C:\laragon\www\PHPQuick-MVC\app\Middleware\GuestMiddleware.php(24): MA\PHPQUICK\Router\Runner->__invoke(Object(MA\PHPQUICK\Http\Requests\Request))
#9 C:\laragon\www\PHPQuick-MVC\src\Router\Runner.php(54): App\Middleware\GuestMiddleware->execute(Object(MA\PHPQUICK\Http\Requests\Request), Object(MA\PHPQUICK\Router\Runner))
#10 C:\laragon\www\PHPQuick-MVC\src\Router\Runner.php(34): MA\PHPQUICK\Router\Runner->executeMiddleware(Object(App\Middleware\GuestMiddleware), Object(MA\PHPQUICK\Http\Requests\Request))
#11 C:\laragon\www\PHPQuick-MVC\src\Application.php(55): MA\PHPQUICK\Router\Runner->handle(Object(MA\PHPQUICK\Http\Requests\Request))
#12 C:\laragon\www\PHPQuick-MVC\public\index.php(12): MA\PHPQUICK\Application->run()
#13 {main}
[2024-07-23 15:36:23] Uncaught exception: syntax error, unexpected token "]"
In file: C:\laragon\www\PHPQuick-MVC\app\Controllers\AuthController.php on line 80
Stack trace:
#0 C:\laragon\www\PHPQuick-MVC\vendor\composer\ClassLoader.php(427): Composer\Autoload\{closure}('C:\\laragon\\www\\...')
#1 [internal function]: Composer\Autoload\ClassLoader->loadClass('App\\Controllers...')
#2 C:\laragon\www\PHPQuick-MVC\src\Application.php(80): class_exists('App\\Controllers...')
#3 C:\laragon\www\PHPQuick-MVC\src\Application.php(74): MA\PHPQUICK\Application->executeController('App\\Controllers...', 'showRegistratio...', Array)
#4 C:\laragon\www\PHPQuick-MVC\src\Application.php(63): MA\PHPQUICK\Application->handleRouteCallback(Object(MA\PHPQUICK\Router\Route))
#5 C:\laragon\www\PHPQuick-MVC\src\Router\Runner.php(56): MA\PHPQUICK\Application->MA\PHPQUICK\{closure}()
#6 C:\laragon\www\PHPQuick-MVC\src\Router\Runner.php(34): MA\PHPQUICK\Router\Runner->executeMiddleware(Object(Closure), Object(MA\PHPQUICK\Http\Requests\Request))
#7 C:\laragon\www\PHPQuick-MVC\src\Router\Runner.php(48): MA\PHPQUICK\Router\Runner->handle(Object(MA\PHPQUICK\Http\Requests\Request))
#8 C:\laragon\www\PHPQuick-MVC\app\Middleware\GuestMiddleware.php(24): MA\PHPQUICK\Router\Runner->__invoke(Object(MA\PHPQUICK\Http\Requests\Request))
#9 C:\laragon\www\PHPQuick-MVC\src\Router\Runner.php(54): App\Middleware\GuestMiddleware->execute(Object(MA\PHPQUICK\Http\Requests\Request), Object(MA\PHPQUICK\Router\Runner))
#10 C:\laragon\www\PHPQuick-MVC\src\Router\Runner.php(34): MA\PHPQUICK\Router\Runner->executeMiddleware(Object(App\Middleware\GuestMiddleware), Object(MA\PHPQUICK\Http\Requests\Request))
#11 C:\laragon\www\PHPQuick-MVC\src\Application.php(55): MA\PHPQUICK\Router\Runner->handle(Object(MA\PHPQUICK\Http\Requests\Request))
#12 C:\laragon\www\PHPQuick-MVC\public\index.php(12): MA\PHPQUICK\Application->run()
#13 {main}
[2024-07-23 15:36:30] Uncaught exception: syntax error, unexpected token "]"
In file: C:\laragon\www\PHPQuick-MVC\app\Controllers\AuthController.php on line 80
Stack trace:
#0 C:\laragon\www\PHPQuick-MVC\vendor\composer\ClassLoader.php(427): Composer\Autoload\{closure}('C:\\laragon\\www\\...')
#1 [internal function]: Composer\Autoload\ClassLoader->loadClass('App\\Controllers...')
#2 C:\laragon\www\PHPQuick-MVC\src\Application.php(80): class_exists('App\\Controllers...')
#3 C:\laragon\www\PHPQuick-MVC\src\Application.php(74): MA\PHPQUICK\Application->executeController('App\\Controllers...', 'showRegistratio...', Array)
#4 C:\laragon\www\PHPQuick-MVC\src\Application.php(63): MA\PHPQUICK\Application->handleRouteCallback(Object(MA\PHPQUICK\Router\Route))
#5 C:\laragon\www\PHPQuick-MVC\src\Router\Runner.php(56): MA\PHPQUICK\Application->MA\PHPQUICK\{closure}()
#6 C:\laragon\www\PHPQuick-MVC\src\Router\Runner.php(34): MA\PHPQUICK\Router\Runner->executeMiddleware(Object(Closure), Object(MA\PHPQUICK\Http\Requests\Request))
#7 C:\laragon\www\PHPQuick-MVC\src\Router\Runner.php(48): MA\PHPQUICK\Router\Runner->handle(Object(MA\PHPQUICK\Http\Requests\Request))
#8 C:\laragon\www\PHPQuick-MVC\app\Middleware\GuestMiddleware.php(24): MA\PHPQUICK\Router\Runner->__invoke(Object(MA\PHPQUICK\Http\Requests\Request))
#9 C:\laragon\www\PHPQuick-MVC\src\Router\Runner.php(54): App\Middleware\GuestMiddleware->execute(Object(MA\PHPQUICK\Http\Requests\Request), Object(MA\PHPQUICK\Router\Runner))
#10 C:\laragon\www\PHPQuick-MVC\src\Router\Runner.php(34): MA\PHPQUICK\Router\Runner->executeMiddleware(Object(App\Middleware\GuestMiddleware), Object(MA\PHPQUICK\Http\Requests\Request))
#11 C:\laragon\www\PHPQuick-MVC\src\Application.php(55): MA\PHPQUICK\Router\Runner->handle(Object(MA\PHPQUICK\Http\Requests\Request))
#12 C:\laragon\www\PHPQuick-MVC\public\index.php(12): MA\PHPQUICK\Application->run()
#13 {main}
[2024-07-23 15:36:44] Uncaught exception: syntax error, unexpected token ";", expecting "]"
In file: C:\laragon\www\PHPQuick-MVC\app\Controllers\AuthController.php on line 79
Stack trace:
#0 C:\laragon\www\PHPQuick-MVC\vendor\composer\ClassLoader.php(427): Composer\Autoload\{closure}('C:\\laragon\\www\\...')
#1 [internal function]: Composer\Autoload\ClassLoader->loadClass('App\\Controllers...')
#2 C:\laragon\www\PHPQuick-MVC\src\Application.php(80): class_exists('App\\Controllers...')
#3 C:\laragon\www\PHPQuick-MVC\src\Application.php(74): MA\PHPQUICK\Application->executeController('App\\Controllers...', 'showRegistratio...', Array)
#4 C:\laragon\www\PHPQuick-MVC\src\Application.php(63): MA\PHPQUICK\Application->handleRouteCallback(Object(MA\PHPQUICK\Router\Route))
#5 C:\laragon\www\PHPQuick-MVC\src\Router\Runner.php(56): MA\PHPQUICK\Application->MA\PHPQUICK\{closure}()
#6 C:\laragon\www\PHPQuick-MVC\src\Router\Runner.php(34): MA\PHPQUICK\Router\Runner->executeMiddleware(Object(Closure), Object(MA\PHPQUICK\Http\Requests\Request))
#7 C:\laragon\www\PHPQuick-MVC\src\Router\Runner.php(48): MA\PHPQUICK\Router\Runner->handle(Object(MA\PHPQUICK\Http\Requests\Request))
#8 C:\laragon\www\PHPQuick-MVC\app\Middleware\GuestMiddleware.php(24): MA\PHPQUICK\Router\Runner->__invoke(Object(MA\PHPQUICK\Http\Requests\Request))
#9 C:\laragon\www\PHPQuick-MVC\src\Router\Runner.php(54): App\Middleware\GuestMiddleware->execute(Object(MA\PHPQUICK\Http\Requests\Request), Object(MA\PHPQUICK\Router\Runner))
#10 C:\laragon\www\PHPQuick-MVC\src\Router\Runner.php(34): MA\PHPQUICK\Router\Runner->executeMiddleware(Object(App\Middleware\GuestMiddleware), Object(MA\PHPQUICK\Http\Requests\Request))
#11 C:\laragon\www\PHPQuick-MVC\src\Application.php(55): MA\PHPQUICK\Router\Runner->handle(Object(MA\PHPQUICK\Http\Requests\Request))
#12 C:\laragon\www\PHPQuick-MVC\public\index.php(12): MA\PHPQUICK\Application->run()
#13 {main}
[2024-07-23 15:36:46] Uncaught exception: syntax error, unexpected token ";", expecting "]"
In file: C:\laragon\www\PHPQuick-MVC\app\Controllers\AuthController.php on line 79
Stack trace:
#0 C:\laragon\www\PHPQuick-MVC\vendor\composer\ClassLoader.php(427): Composer\Autoload\{closure}('C:\\laragon\\www\\...')
#1 [internal function]: Composer\Autoload\ClassLoader->loadClass('App\\Controllers...')
#2 C:\laragon\www\PHPQuick-MVC\src\Application.php(80): class_exists('App\\Controllers...')
#3 C:\laragon\www\PHPQuick-MVC\src\Application.php(74): MA\PHPQUICK\Application->executeController('App\\Controllers...', 'showRegistratio...', Array)
#4 C:\laragon\www\PHPQuick-MVC\src\Application.php(63): MA\PHPQUICK\Application->handleRouteCallback(Object(MA\PHPQUICK\Router\Route))
#5 C:\laragon\www\PHPQuick-MVC\src\Router\Runner.php(56): MA\PHPQUICK\Application->MA\PHPQUICK\{closure}()
#6 C:\laragon\www\PHPQuick-MVC\src\Router\Runner.php(34): MA\PHPQUICK\Router\Runner->executeMiddleware(Object(Closure), Object(MA\PHPQUICK\Http\Requests\Request))
#7 C:\laragon\www\PHPQuick-MVC\src\Router\Runner.php(48): MA\PHPQUICK\Router\Runner->handle(Object(MA\PHPQUICK\Http\Requests\Request))
#8 C:\laragon\www\PHPQuick-MVC\app\Middleware\GuestMiddleware.php(24): MA\PHPQUICK\Router\Runner->__invoke(Object(MA\PHPQUICK\Http\Requests\Request))
#9 C:\laragon\www\PHPQuick-MVC\src\Router\Runner.php(54): App\Middleware\GuestMiddleware->execute(Object(MA\PHPQUICK\Http\Requests\Request), Object(MA\PHPQUICK\Router\Runner))
#10 C:\laragon\www\PHPQuick-MVC\src\Router\Runner.php(34): MA\PHPQUICK\Router\Runner->executeMiddleware(Object(App\Middleware\GuestMiddleware), Object(MA\PHPQUICK\Http\Requests\Request))
#11 C:\laragon\www\PHPQuick-MVC\src\Application.php(55): MA\PHPQUICK\Router\Runner->handle(Object(MA\PHPQUICK\Http\Requests\Request))
#12 C:\laragon\www\PHPQuick-MVC\public\index.php(12): MA\PHPQUICK\Application->run()
#13 {main}
[2024-07-23 15:39:18] Uncaught exception: syntax error, unexpected token "}", expecting ";"
In file: C:\laragon\www\PHPQuick-MVC\app\Models\User\UserRegisterRequest.php on line 35
Stack trace:
#0 C:\laragon\www\PHPQuick-MVC\vendor\composer\ClassLoader.php(427): Composer\Autoload\{closure}('C:\\laragon\\www\\...')
#1 C:\laragon\www\PHPQuick-MVC\app\Controllers\AuthController.php(63): Composer\Autoload\ClassLoader->loadClass('App\\Models\\User...')
#2 [internal function]: App\Controllers\AuthController->register(Object(MA\PHPQUICK\Http\Requests\Request))
#3 C:\laragon\www\PHPQuick-MVC\src\Application.php(90): call_user_func_array(Array, Array)
#4 C:\laragon\www\PHPQuick-MVC\src\Application.php(74): MA\PHPQUICK\Application->executeController('App\\Controllers...', 'register', Array)
#5 C:\laragon\www\PHPQuick-MVC\src\Application.php(63): MA\PHPQUICK\Application->handleRouteCallback(Object(MA\PHPQUICK\Router\Route))
#6 C:\laragon\www\PHPQuick-MVC\src\Router\Runner.php(56): MA\PHPQUICK\Application->MA\PHPQUICK\{closure}()
#7 C:\laragon\www\PHPQuick-MVC\src\Router\Runner.php(34): MA\PHPQUICK\Router\Runner->executeMiddleware(Object(Closure), Object(MA\PHPQUICK\Http\Requests\Request))
#8 C:\laragon\www\PHPQuick-MVC\src\Router\Runner.php(48): MA\PHPQUICK\Router\Runner->handle(Object(MA\PHPQUICK\Http\Requests\Request))
#9 C:\laragon\www\PHPQuick-MVC\app\Middleware\CSRFMiddleware.php(17): MA\PHPQUICK\Router\Runner->__invoke(Object(MA\PHPQUICK\Http\Requests\Request))
#10 C:\laragon\www\PHPQuick-MVC\src\Router\Runner.php(54): App\Middleware\CSRFMiddleware->execute(Object(MA\PHPQUICK\Http\Requests\Request), Object(MA\PHPQUICK\Router\Runner))
#11 C:\laragon\www\PHPQuick-MVC\src\Router\Runner.php(34): MA\PHPQUICK\Router\Runner->executeMiddleware(Object(App\Middleware\CSRFMiddleware), Object(MA\PHPQUICK\Http\Requests\Request))
#12 C:\laragon\www\PHPQuick-MVC\src\Router\Runner.php(48): MA\PHPQUICK\Router\Runner->handle(Object(MA\PHPQUICK\Http\Requests\Request))
#13 C:\laragon\www\PHPQuick-MVC\app\Middleware\GuestMiddleware.php(24): MA\PHPQUICK\Router\Runner->__invoke(Object(MA\PHPQUICK\Http\Requests\Request))
#14 C:\laragon\www\PHPQuick-MVC\src\Router\Runner.php(54): App\Middleware\GuestMiddleware->execute(Object(MA\PHPQUICK\Http\Requests\Request), Object(MA\PHPQUICK\Router\Runner))
#15 C:\laragon\www\PHPQuick-MVC\src\Router\Runner.php(34): MA\PHPQUICK\Router\Runner->executeMiddleware(Object(App\Middleware\GuestMiddleware), Object(MA\PHPQUICK\Http\Requests\Request))
#16 C:\laragon\www\PHPQuick-MVC\src\Application.php(55): MA\PHPQUICK\Router\Runner->handle(Object(MA\PHPQUICK\Http\Requests\Request))
#17 C:\laragon\www\PHPQuick-MVC\public\index.php(12): MA\PHPQUICK\Application->run()
#18 {main}
[2024-07-23 15:41:34] Uncaught exception: App\Repository\UserRepository::findByEmail(): Argument #1 ($email) must be of type string, null given, called in C:\laragon\www\PHPQuick-MVC\app\Service\UserService.php on line 94
In file: C:\laragon\www\PHPQuick-MVC\app\Repository\UserRepository.php on line 66
Stack trace:
#0 C:\laragon\www\PHPQuick-MVC\app\Service\UserService.php(94): App\Repository\UserRepository->findByEmail(NULL)
#1 C:\laragon\www\PHPQuick-MVC\app\Controllers\AuthController.php(87): App\Service\UserService->activationAccount('eyJ0eXAiOiJV1Qi...')
#2 [internal function]: App\Controllers\AuthController->activate(Object(MA\PHPQUICK\Http\Requests\Request))
#3 C:\laragon\www\PHPQuick-MVC\src\Application.php(90): call_user_func_array(Array, Array)
#4 C:\laragon\www\PHPQuick-MVC\src\Application.php(74): MA\PHPQUICK\Application->executeController('App\\Controllers...', 'activate', Array)
#5 C:\laragon\www\PHPQuick-MVC\src\Application.php(63): MA\PHPQUICK\Application->handleRouteCallback(Object(MA\PHPQUICK\Router\Route))
#6 C:\laragon\www\PHPQuick-MVC\src\Router\Runner.php(56): MA\PHPQUICK\Application->MA\PHPQUICK\{closure}()
#7 C:\laragon\www\PHPQuick-MVC\src\Router\Runner.php(34): MA\PHPQUICK\Router\Runner->executeMiddleware(Object(Closure), Object(MA\PHPQUICK\Http\Requests\Request))
#8 C:\laragon\www\PHPQuick-MVC\src\Router\Runner.php(48): MA\PHPQUICK\Router\Runner->handle(Object(MA\PHPQUICK\Http\Requests\Request))
#9 C:\laragon\www\PHPQuick-MVC\app\Middleware\GuestMiddleware.php(24): MA\PHPQUICK\Router\Runner->__invoke(Object(MA\PHPQUICK\Http\Requests\Request))
#10 C:\laragon\www\PHPQuick-MVC\src\Router\Runner.php(54): App\Middleware\GuestMiddleware->execute(Object(MA\PHPQUICK\Http\Requests\Request), Object(MA\PHPQUICK\Router\Runner))
#11 C:\laragon\www\PHPQuick-MVC\src\Router\Runner.php(34): MA\PHPQUICK\Router\Runner->executeMiddleware(Object(App\Middleware\GuestMiddleware), Object(MA\PHPQUICK\Http\Requests\Request))
#12 C:\laragon\www\PHPQuick-MVC\src\Application.php(55): MA\PHPQUICK\Router\Runner->handle(Object(MA\PHPQUICK\Http\Requests\Request))
#13 C:\laragon\www\PHPQuick-MVC\public\index.php(12): MA\PHPQUICK\Application->run()
#14 {main}
[2024-07-23 15:53:06] Uncaught exception: App\Repository\UserRepository::activateUser(): Argument #1 ($id) must be of type int, string given, called in C:\laragon\www\PHPQuick-MVC\app\Service\UserService.php on line 97
In file: C:\laragon\www\PHPQuick-MVC\app\Repository\UserRepository.php on line 91
Stack trace:
#0 C:\laragon\www\PHPQuick-MVC\app\Service\UserService.php(97): App\Repository\UserRepository->activateUser('ksa@klsa.com')
#1 C:\laragon\www\PHPQuick-MVC\app\Controllers\AuthController.php(87): App\Service\UserService->activationAccount('eyJ0eXAiOiJKV1Q...')
#2 [internal function]: App\Controllers\AuthController->activate(Object(MA\PHPQUICK\Http\Requests\Request))
#3 C:\laragon\www\PHPQuick-MVC\src\Application.php(90): call_user_func_array(Array, Array)
#4 C:\laragon\www\PHPQuick-MVC\src\Application.php(74): MA\PHPQUICK\Application->executeController('App\\Controllers...', 'activate', Array)
#5 C:\laragon\www\PHPQuick-MVC\src\Application.php(63): MA\PHPQUICK\Application->handleRouteCallback(Object(MA\PHPQUICK\Router\Route))
#6 C:\laragon\www\PHPQuick-MVC\src\Router\Runner.php(56): MA\PHPQUICK\Application->MA\PHPQUICK\{closure}()
#7 C:\laragon\www\PHPQuick-MVC\src\Router\Runner.php(34): MA\PHPQUICK\Router\Runner->executeMiddleware(Object(Closure), Object(MA\PHPQUICK\Http\Requests\Request))
#8 C:\laragon\www\PHPQuick-MVC\src\Router\Runner.php(48): MA\PHPQUICK\Router\Runner->handle(Object(MA\PHPQUICK\Http\Requests\Request))
#9 C:\laragon\www\PHPQuick-MVC\app\Middleware\GuestMiddleware.php(24): MA\PHPQUICK\Router\Runner->__invoke(Object(MA\PHPQUICK\Http\Requests\Request))
#10 C:\laragon\www\PHPQuick-MVC\src\Router\Runner.php(54): App\Middleware\GuestMiddleware->execute(Object(MA\PHPQUICK\Http\Requests\Request), Object(MA\PHPQUICK\Router\Runner))
#11 C:\laragon\www\PHPQuick-MVC\src\Router\Runner.php(34): MA\PHPQUICK\Router\Runner->executeMiddleware(Object(App\Middleware\GuestMiddleware), Object(MA\PHPQUICK\Http\Requests\Request))
#12 C:\laragon\www\PHPQuick-MVC\src\Application.php(55): MA\PHPQUICK\Router\Runner->handle(Object(MA\PHPQUICK\Http\Requests\Request))
#13 C:\laragon\www\PHPQuick-MVC\public\index.php(12): MA\PHPQUICK\Application->run()
#14 {main}
[2024-07-23 15:53:10] Uncaught exception: App\Repository\UserRepository::activateUser(): Argument #1 ($id) must be of type int, string given, called in C:\laragon\www\PHPQuick-MVC\app\Service\UserService.php on line 97
In file: C:\laragon\www\PHPQuick-MVC\app\Repository\UserRepository.php on line 91
Stack trace:
#0 C:\laragon\www\PHPQuick-MVC\app\Service\UserService.php(97): App\Repository\UserRepository->activateUser('ksa@klsa.com')
#1 C:\laragon\www\PHPQuick-MVC\app\Controllers\AuthController.php(87): App\Service\UserService->activationAccount('eyJ0eXAiOiJKV1Q...')
#2 [internal function]: App\Controllers\AuthController->activate(Object(MA\PHPQUICK\Http\Requests\Request))
#3 C:\laragon\www\PHPQuick-MVC\src\Application.php(90): call_user_func_array(Array, Array)
#4 C:\laragon\www\PHPQuick-MVC\src\Application.php(74): MA\PHPQUICK\Application->executeController('App\\Controllers...', 'activate', Array)
#5 C:\laragon\www\PHPQuick-MVC\src\Application.php(63): MA\PHPQUICK\Application->handleRouteCallback(Object(MA\PHPQUICK\Router\Route))
#6 C:\laragon\www\PHPQuick-MVC\src\Router\Runner.php(56): MA\PHPQUICK\Application->MA\PHPQUICK\{closure}()
#7 C:\laragon\www\PHPQuick-MVC\src\Router\Runner.php(34): MA\PHPQUICK\Router\Runner->executeMiddleware(Object(Closure), Object(MA\PHPQUICK\Http\Requests\Request))
#8 C:\laragon\www\PHPQuick-MVC\src\Router\Runner.php(48): MA\PHPQUICK\Router\Runner->handle(Object(MA\PHPQUICK\Http\Requests\Request))
#9 C:\laragon\www\PHPQuick-MVC\app\Middleware\GuestMiddleware.php(24): MA\PHPQUICK\Router\Runner->__invoke(Object(MA\PHPQUICK\Http\Requests\Request))
#10 C:\laragon\www\PHPQuick-MVC\src\Router\Runner.php(54): App\Middleware\GuestMiddleware->execute(Object(MA\PHPQUICK\Http\Requests\Request), Object(MA\PHPQUICK\Router\Runner))
#11 C:\laragon\www\PHPQuick-MVC\src\Router\Runner.php(34): MA\PHPQUICK\Router\Runner->executeMiddleware(Object(App\Middleware\GuestMiddleware), Object(MA\PHPQUICK\Http\Requests\Request))
#12 C:\laragon\www\PHPQuick-MVC\src\Application.php(55): MA\PHPQUICK\Router\Runner->handle(Object(MA\PHPQUICK\Http\Requests\Request))
#13 C:\laragon\www\PHPQuick-MVC\public\index.php(12): MA\PHPQUICK\Application->run()
#14 {main}
